<?xml version="1.0" encoding="UTF-8"?>
<!-- Generated by org.testng.reporters.JUnitReportReporter -->
<testsuite hostname="Infva06931" name="testNg.cross_explicit_wait" tests="1" failures="0" timestamp="20 Nov 2017 20:26:06 GMT" time="79.802" errors="0">
  <testcase name="test22" time="79.802" classname="testNg.cross_explicit_wait"/>
</testsuite> <!-- testNg.cross_explicit_wait -->
