<?xml version="1.0" encoding="UTF-8"?>
<!-- Generated by org.testng.reporters.JUnitReportReporter -->
<testsuite hostname="Infva06931" name="testNg.qaagility" tests="1" failures="0" timestamp="16 Nov 2017 22:35:03 GMT" time="15.547" errors="0">
  <testcase name="cde" time="15.547" classname="testNg.qaagility"/>
</testsuite> <!-- testNg.qaagility -->
