<?xml version="1.0" encoding="UTF-8"?>
<!-- Generated by org.testng.reporters.JUnitReportReporter -->
<testsuite hostname="Infva06931" name="testNg.wikipedia" tests="5" failures="0" timestamp="18 Nov 2017 19:24:11 GMT" time="29.158" errors="0">
  <testcase name="dff" time="4.896" classname="testNg.wikipedia"/>
  <testcase name="dff" time="9.850" classname="testNg.wikipedia"/>
  <testcase name="dff" time="5.481" classname="testNg.wikipedia"/>
  <testcase name="dff" time="4.851" classname="testNg.wikipedia"/>
  <testcase name="dff" time="4.080" classname="testNg.wikipedia"/>
</testsuite> <!-- testNg.wikipedia -->
