<?xml version="1.0" encoding="UTF-8"?>
<!-- Generated by org.testng.reporters.JUnitReportReporter -->
<testsuite hostname="Infva06931" name="testNg.jqueryiframe" tests="1" failures="0" timestamp="20 Nov 2017 23:06:53 GMT" time="10.234" errors="0">
  <testcase name="rightClickTest" time="10.234" classname="testNg.jqueryiframe"/>
</testsuite> <!-- testNg.jqueryiframe -->
