<?xml version="1.0" encoding="UTF-8"?>
<!-- Generated by org.testng.reporters.JUnitReportReporter -->
<testsuite hostname="Infva06931" name="testNg.Dependents" tests="3" failures="0" timestamp="20 Nov 2017 21:54:10 GMT" time="0.006" errors="0">
  <testcase name="logout" time="0.001" classname="testNg.Dependents"/>
  <testcase name="signIn" time="0.001" classname="testNg.Dependents"/>
  <testcase name="openBrowser" time="0.004" classname="testNg.Dependents"/>
</testsuite> <!-- testNg.Dependents -->
