<?xml version="1.0" encoding="UTF-8"?>
<!-- Generated by org.testng.reporters.JUnitReportReporter -->
<testsuite hostname="Infva06931" name="testNg.ebay" tests="3" failures="0" timestamp="18 Nov 2017 18:48:07 GMT" time="72.041" errors="0">
  <testcase name="movie" time="26.393" classname="testNg.ebay"/>
  <testcase name="movie" time="21.628" classname="testNg.ebay"/>
  <testcase name="movie" time="24.020" classname="testNg.ebay"/>
</testsuite> <!-- testNg.ebay -->
