<?xml version="1.0" encoding="UTF-8"?>
<!-- Generated by org.testng.reporters.JUnitReportReporter -->
<testsuite hostname="Infva06931" name="testNg.google_write" tests="4" failures="0" timestamp="21 Nov 2017 18:25:52 GMT" time="96.540" errors="0">
  <testcase name="test111" time="24.290" classname="testNg.google_write"/>
  <testcase name="test111" time="24.913" classname="testNg.google_write"/>
  <testcase name="test111" time="24.293" classname="testNg.google_write"/>
  <testcase name="test111" time="23.044" classname="testNg.google_write"/>
</testsuite> <!-- testNg.google_write -->
