<?xml version="1.0" encoding="UTF-8"?>
<!-- Generated by org.testng.reporters.JUnitReportReporter -->
<testsuite hostname="Infva06931" name="testNg.manipal" tests="1" failures="0" timestamp="16 Nov 2017 22:23:06 GMT" time="14.640" errors="0">
  <testcase name="def" time="14.640" classname="testNg.manipal"/>
</testsuite> <!-- testNg.manipal -->
