<?xml version="1.0" encoding="UTF-8"?>
<!-- Generated by org.testng.reporters.JUnitReportReporter -->
<testsuite hostname="Infva06931" name="testNg.grid" tests="1" failures="0" timestamp="23 Nov 2017 19:24:17 GMT" time="11.625" errors="0">
  <testcase name="t1" time="11.625" classname="testNg.grid"/>
</testsuite> <!-- testNg.grid -->
