<?xml version="1.0" encoding="UTF-8"?>
<!-- Generated by org.testng.reporters.JUnitReportReporter -->
<testsuite hostname="Infva06931" name="testNg.Flipkart" tests="1" failures="0" timestamp="17 Nov 2017 20:50:33 GMT" time="30.518" errors="0">
  <testcase name="effect" time="30.518" classname="testNg.Flipkart"/>
</testsuite> <!-- testNg.Flipkart -->
