<?xml version="1.0" encoding="UTF-8"?>
<!-- Generated by org.testng.reporters.JUnitReportReporter -->
<testsuite hostname="Infva06931" name="testpckg.Demo_test" tests="1" failures="0" timestamp="21 Nov 2017 22:51:00 GMT" time="6.482" errors="0">
  <testcase name="bbb" time="6.482" classname="testpckg.Demo_test"/>
</testsuite> <!-- testpckg.Demo_test -->
