<?xml version="1.0" encoding="UTF-8"?>
<!-- Generated by org.testng.reporters.JUnitReportReporter -->
<testsuite hostname="Infva06931" name="testNg.iframe_newtour" tests="1" failures="0" timestamp="16 Nov 2017 00:57:08 GMT" time="21.197" errors="0">
  <testcase name="def" time="21.197" classname="testNg.iframe_newtour"/>
</testsuite> <!-- testNg.iframe_newtour -->
