<?xml version="1.0" encoding="UTF-8"?>
<!-- Generated by org.testng.reporters.JUnitReportReporter -->
<testsuite hostname="Infva06931" name="testNg.alert_handle" tests="1" failures="0" timestamp="20 Nov 2017 22:07:22 GMT" time="9.437" errors="0">
  <testcase name="def" time="9.437" classname="testNg.alert_handle"/>
</testsuite> <!-- testNg.alert_handle -->
