<?xml version="1.0" encoding="UTF-8"?>
<!-- Generated by org.testng.reporters.JUnitReportReporter -->
<testsuite hostname="Infva06931" name="testNg.annauniv" tests="1" failures="0" timestamp="16 Nov 2017 19:29:21 GMT" time="21.489" errors="0">
  <testcase name="antest" time="21.489" classname="testNg.annauniv"/>
</testsuite> <!-- testNg.annauniv -->
