<?xml version="1.0" encoding="UTF-8"?>
<!-- Generated by org.testng.reporters.JUnitReportReporter -->
<testsuite hostname="Infva06931" name="testNg.importxl" tests="5" failures="0" timestamp="18 Nov 2017 18:08:28 GMT" time="118.612" errors="0">
  <testcase name="movie" time="24.955" classname="testNg.importxl"/>
  <testcase name="movie" time="24.069" classname="testNg.importxl"/>
  <testcase name="movie" time="22.857" classname="testNg.importxl"/>
  <testcase name="movie" time="24.440" classname="testNg.importxl"/>
  <testcase name="movie" time="22.291" classname="testNg.importxl"/>
</testsuite> <!-- testNg.importxl -->
