<?xml version="1.0" encoding="UTF-8"?>
<!-- Generated by org.testng.reporters.JUnitReportReporter -->
<testsuite hostname="Infva06931" name="testNg.autotests" tests="1" failures="0" timestamp="15 Nov 2017 20:09:46 GMT" time="18.774" errors="0">
  <testcase name="autocom" time="18.774" classname="testNg.autotests"/>
</testsuite> <!-- testNg.autotests -->
