<?xml version="1.0" encoding="UTF-8"?>
<!-- Generated by org.testng.reporters.JUnitReportReporter -->
<testsuite hostname="Infva06931" name="testNg.get_link" tests="1" failures="0" timestamp="20 Nov 2017 18:41:45 GMT" time="37.185" errors="0">
  <testcase name="test1" time="37.185" classname="testNg.get_link"/>
</testsuite> <!-- testNg.get_link -->
