<?xml version="1.0" encoding="UTF-8"?>
<!-- Generated by org.testng.reporters.JUnitReportReporter -->
<testsuite hostname="Infva06931" name="testpckg.google_test" tests="1" failures="0" timestamp="21 Nov 2017 23:28:05 GMT" time="6.616" errors="0">
  <testcase name="test1" time="6.616" classname="testpckg.google_test"/>
</testsuite> <!-- testpckg.google_test -->
