<?xml version="1.0" encoding="UTF-8"?>
<!-- Generated by org.testng.reporters.JUnitReportReporter -->
<testsuite hostname="Infva06931" name="testNg.fannito" tests="1" failures="0" timestamp="17 Nov 2017 00:00:42 GMT" time="17.682" errors="0">
  <testcase name="def" time="17.682" classname="testNg.fannito"/>
</testsuite> <!-- testNg.fannito -->
