<?xml version="1.0" encoding="UTF-8"?>
<!-- Generated by org.testng.reporters.JUnitReportReporter -->
<testsuite hostname="Infva06931" name="testNg.ddttest" tests="5" failures="0" timestamp="17 Nov 2017 21:52:53 GMT" time="5.090" errors="0">
  <testcase name="DDTTest" time="1.043" classname="testNg.ddttest"/>
  <testcase name="DDTTest" time="0.822" classname="testNg.ddttest"/>
  <testcase name="DDTTest" time="0.849" classname="testNg.ddttest"/>
  <testcase name="DDTTest" time="1.559" classname="testNg.ddttest"/>
  <testcase name="DDTTest" time="0.817" classname="testNg.ddttest"/>
</testsuite> <!-- testNg.ddttest -->
