<?xml version="1.0" encoding="UTF-8"?>
<!-- Generated by org.testng.reporters.JUnitReportReporter -->
<testsuite hostname="Infva06931" name="testNg.lti_maps" tests="1" failures="0" timestamp="23 Nov 2017 23:32:22 GMT" time="34.050" errors="0">
  <testcase name="cde" time="34.050" classname="testNg.lti_maps"/>
</testsuite> <!-- testNg.lti_maps -->
