<?xml version="1.0" encoding="UTF-8"?>
<!-- Generated by org.testng.reporters.JUnitReportReporter -->
<testsuite hostname="Infva06931" name="testNg.autothings" tests="1" failures="0" timestamp="15 Nov 2017 19:57:08 GMT" time="17.913" errors="0">
  <testcase name="autocom" time="17.913" classname="testNg.autothings"/>
</testsuite> <!-- testNg.autothings -->
