<?xml version="1.0" encoding="UTF-8" ?>
<testsuite errors="0" failures="0" hostname="Infva06931" name="Test.screenshot" skipped="0" tests="1" time="37.551" timestamp="2017-11-24T15:55:27">
  <properties>
    <property name="ant.project.invoked-targets" value="run-test" />
    <property name="java.runtime.name" value="Java(TM) SE Runtime Environment" />
    <property name="sun.boot.library.path" value="C:\Program Files\Java\jdk1.8.0_121\jre\bin" />
    <property name="java.vm.version" value="25.121-b13" />
    <property name="ant.library.dir" value="D:\CP-SAT Lab Requirements\Ant\apache-ant-1.9.9-bin\apache-ant-1.9.9\lib" />
    <property name="ant.version" value="Apache Ant(TM) version 1.9.9 compiled on February 2 2017" />
    <property name="ant.java.version" value="1.8" />
    <property name="ant.file.test" value="D:\workspace\Selenium\build\build.xml" />
    <property name="java.vm.vendor" value="Oracle Corporation" />
    <property name="java.vendor.url" value="http://java.oracle.com/" />
    <property name="path.separator" value=";" />
    <property name="java.vm.name" value="Java HotSpot(TM) 64-Bit Server VM" />
    <property name="file.encoding.pkg" value="sun.io" />
    <property name="user.script" value="" />
    <property name="user.country" value="IN" />
    <property name="sun.java.launcher" value="SUN_STANDARD" />
    <property name="sun.os.patch.level" value="" />
    <property name="java.vm.specification.name" value="Java Virtual Machine Specification" />
    <property name="user.dir" value="D:\workspace\Selenium\build" />
    <property name="java.runtime.version" value="1.8.0_121-b13" />
    <property name="java.awt.graphicsenv" value="sun.awt.Win32GraphicsEnvironment" />
    <property name="basedir" value="D:\workspace\Selenium\build" />
    <property name="RELEASE_ROOT" value=".." />
    <property name="java.endorsed.dirs" value="C:\Program Files\Java\jdk1.8.0_121\jre\lib\endorsed" />
    <property name="os.arch" value="amd64" />
    <property name="ant.project.default-target" value="run-test" />
    <property name="java.io.tmpdir" value="C:\Users\tr3_pc7\AppData\Local\Temp\" />
    <property name="ant.core.lib" value="D:\CP-SAT Lab Requirements\Ant\apache-ant-1.9.9-bin\apache-ant-1.9.9\lib\ant.jar" />
    <property name="line.separator" value="&#xd;&#xa;" />
    <property name="java.vm.specification.vendor" value="Oracle Corporation" />
    <property name="user.variant" value="" />
    <property name="os.name" value="Windows 10" />
    <property name="ant.home" value="D:\CP-SAT Lab Requirements\Ant\apache-ant-1.9.9-bin\apache-ant-1.9.9" />
    <property name="ant.project.name" value="test" />
    <property name="sun.jnu.encoding" value="Cp1252" />
    <property name="java.library.path" value="D:\CP-SAT Lab Requirements\Eclipse\eclipse-java-kepler-SR2-win32-x86_64\eclipse;C:\Windows\Sun\Java\bin;C:\Windows\system32;C:\Windows;D:/CP-SAT Lab Requirements/Eclipse/eclipse-java-kepler-SR2-win32-x86_64/eclipse/jre/bin/server;D:/CP-SAT Lab Requirements/Eclipse/eclipse-java-kepler-SR2-win32-x86_64/eclipse/jre/bin;D:/CP-SAT Lab Requirements/Eclipse/eclipse-java-kepler-SR2-win32-x86_64/eclipse/jre/lib/amd64;D:\CP-SAT Lab Requirements\Java;C:\Users\tr3_pc7\AppData\Local\Microsoft\WindowsApps;;D:\CP-SAT Lab Requirements\Eclipse\eclipse-java-kepler-SR2-win32-x86_64\eclipse;;.;D:\CP-SAT Lab Requirements\Eclipse\eclipse-java-kepler-SR2-win32-x86_64\eclipse\configuration\org.eclipse.osgi\bundles\323\1\.cp" />
    <property name="java.class.version" value="52.0" />
    <property name="java.specification.name" value="Java Platform API Specification" />
    <property name="REPORT" value="../report1" />
    <property name="sun.management.compiler" value="HotSpot 64-Bit Tiered Compilers" />
    <property name="ant.file.type.test" value="file" />
    <property name="os.version" value="10.0" />
    <property name="ant.file" value="D:\workspace\Selenium\build\build.xml" />
    <property name="user.home" value="C:\Users\tr3_pc7" />
    <property name="user.timezone" value="" />
    <property name="java.awt.printerjob" value="sun.awt.windows.WPrinterJob" />
    <property name="java.specification.version" value="1.8" />
    <property name="file.encoding" value="UTF-8" />
    <property name="java.class.path" value="D:\CP-SAT Lab Requirements\Ant\apache-ant-1.9.9-bin\apache-ant-1.9.9\lib\ant-antlr.jar;D:\CP-SAT Lab Requirements\Ant\apache-ant-1.9.9-bin\apache-ant-1.9.9\lib\ant-apache-bcel.jar;D:\CP-SAT Lab Requirements\Ant\apache-ant-1.9.9-bin\apache-ant-1.9.9\lib\ant-apache-bsf.jar;D:\CP-SAT Lab Requirements\Ant\apache-ant-1.9.9-bin\apache-ant-1.9.9\lib\ant-apache-log4j.jar;D:\CP-SAT Lab Requirements\Ant\apache-ant-1.9.9-bin\apache-ant-1.9.9\lib\ant-apache-oro.jar;D:\CP-SAT Lab Requirements\Ant\apache-ant-1.9.9-bin\apache-ant-1.9.9\lib\ant-apache-regexp.jar;D:\CP-SAT Lab Requirements\Ant\apache-ant-1.9.9-bin\apache-ant-1.9.9\lib\ant-apache-resolver.jar;D:\CP-SAT Lab Requirements\Ant\apache-ant-1.9.9-bin\apache-ant-1.9.9\lib\ant-apache-xalan2.jar;D:\CP-SAT Lab Requirements\Ant\apache-ant-1.9.9-bin\apache-ant-1.9.9\lib\ant-commons-logging.jar;D:\CP-SAT Lab Requirements\Ant\apache-ant-1.9.9-bin\apache-ant-1.9.9\lib\ant-commons-net.jar;D:\CP-SAT Lab Requirements\Ant\apache-ant-1.9.9-bin\apache-ant-1.9.9\lib\ant-jai.jar;D:\CP-SAT Lab Requirements\Ant\apache-ant-1.9.9-bin\apache-ant-1.9.9\lib\ant-javamail.jar;D:\CP-SAT Lab Requirements\Ant\apache-ant-1.9.9-bin\apache-ant-1.9.9\lib\ant-jdepend.jar;D:\CP-SAT Lab Requirements\Ant\apache-ant-1.9.9-bin\apache-ant-1.9.9\lib\ant-jmf.jar;D:\CP-SAT Lab Requirements\Ant\apache-ant-1.9.9-bin\apache-ant-1.9.9\lib\ant-jsch.jar;D:\CP-SAT Lab Requirements\Ant\apache-ant-1.9.9-bin\apache-ant-1.9.9\lib\ant-junit.jar;D:\CP-SAT Lab Requirements\Ant\apache-ant-1.9.9-bin\apache-ant-1.9.9\lib\ant-junit4.jar;D:\CP-SAT Lab Requirements\Ant\apache-ant-1.9.9-bin\apache-ant-1.9.9\lib\ant-launcher.jar;D:\CP-SAT Lab Requirements\Ant\apache-ant-1.9.9-bin\apache-ant-1.9.9\lib\ant-netrexx.jar;D:\CP-SAT Lab Requirements\Ant\apache-ant-1.9.9-bin\apache-ant-1.9.9\lib\ant-swing.jar;D:\CP-SAT Lab Requirements\Ant\apache-ant-1.9.9-bin\apache-ant-1.9.9\lib\ant-testutil.jar;D:\CP-SAT Lab Requirements\Ant\apache-ant-1.9.9-bin\apache-ant-1.9.9\lib\ant.jar;D:\CP-SAT Lab Requirements\Eclipse\eclipse-java-kepler-SR2-win32-x86_64\eclipse\configuration\org.eclipse.osgi\bundles\53\1\.cp\lib\antdebug.jar;D:\CP-SAT Lab Requirements\Eclipse\eclipse-java-kepler-SR2-win32-x86_64\eclipse\configuration\org.eclipse.osgi\bundles\53\1\.cp\lib\remote.jar;D:\CP-SAT Lab Requirements\Eclipse\eclipse-java-kepler-SR2-win32-x86_64\eclipse\configuration\org.eclipse.osgi\bundles\54\1\.cp\lib\remoteAnt.jar;C:\Program Files\Java\jdk1.8.0_121\lib\tools.jar;D:\CP-SAT Lab Requirements\Eclipse\eclipse-java-kepler-SR2-win32-x86_64\eclipse\plugins\org.eclipse.swt.win32.win32.x86_64_3.102.1.v20140206-1358.jar" />
    <property name="user.name" value="tr3_pc7" />
    <property name="LIB" value="../lib" />
    <property name="java.vm.specification.version" value="1.8" />
    <property name="BIN" value="../bin1" />
    <property name="sun.java.command" value="org.eclipse.ant.internal.launching.remote.InternalAntRunner -Dorg.eclipse.ant.core.ANT_PROCESS_ID=1511538923863 -Declipse.connect.port=64178 -Dant.home=D:\CP-SAT Lab Requirements\Ant\apache-ant-1.9.9-bin\apache-ant-1.9.9 -logger org.eclipse.ant.internal.launching.remote.logger.RemoteAntBuildLogger -inputhandler org.eclipse.ant.internal.ui.antsupport.inputhandler.ProxyInputHandler -buildfile D:\workspace\Selenium\build\build.xml" />
    <property name="sun.arch.data.model" value="64" />
    <property name="java.home" value="C:\Program Files\Java\jdk1.8.0_121\jre" />
    <property name="java.specification.vendor" value="Oracle Corporation" />
    <property name="user.language" value="en" />
    <property name="awt.toolkit" value="sun.awt.windows.WToolkit" />
    <property name="java.vm.info" value="mixed mode" />
    <property name="java.version" value="1.8.0_121" />
    <property name="java.ext.dirs" value="C:\Program Files\Java\jdk1.8.0_121\jre\lib\ext;C:\Windows\Sun\Java\lib\ext" />
    <property name="sun.boot.class.path" value="C:\Program Files\Java\jdk1.8.0_121\jre\lib\resources.jar;C:\Program Files\Java\jdk1.8.0_121\jre\lib\rt.jar;C:\Program Files\Java\jdk1.8.0_121\jre\lib\sunrsasign.jar;C:\Program Files\Java\jdk1.8.0_121\jre\lib\jsse.jar;C:\Program Files\Java\jdk1.8.0_121\jre\lib\jce.jar;C:\Program Files\Java\jdk1.8.0_121\jre\lib\charsets.jar;C:\Program Files\Java\jdk1.8.0_121\jre\lib\jfr.jar;C:\Program Files\Java\jdk1.8.0_121\jre\classes" />
    <property name="java.vendor" value="Oracle Corporation" />
    <property name="file.separator" value="\" />
    <property name="java.vendor.url.bug" value="http://bugreport.sun.com/bugreport/" />
    <property name="sun.cpu.endian" value="little" />
    <property name="sun.io.unicode.encoding" value="UnicodeLittle" />
    <property name="SRC" value="../src" />
    <property name="sun.desktop" value="windows" />
    <property name="sun.cpu.isalist" value="amd64" />
  </properties>
  <testcase classname="Test.screenshot" name="cde" time="37.426" />
  <system-out><![CDATA[4.3
022 6795 4545
]]></system-out>
  <system-err><![CDATA[1511538929361	geckodriver	INFO	Listening on 127.0.0.1:4211
1511538930095	geckodriver::marionette	INFO	Starting browser C:\Program Files\Mozilla Firefox\firefox.exe with args ["-marionette"]
1511538934234	Marionette	INFO	Listening on port 64183
Nov 24, 2017 9:25:34 PM org.openqa.selenium.remote.ProtocolHandshake createSession
INFO: Detected dialect: W3C
JavaScript warning: https://www.google.co.in/maps?source=tldso, line 4112: Error: WebGL warning: texSubImage2D: Texture has not been initialized prior to a partial upload, forcing the browser to clear it. This may be slow.
JavaScript warning: https://www.google.co.in/maps?source=tldso, line 4112: Error: WebGL warning: texSubImage2D: This operation requires zeroing texture data. This is slow.
JavaScript warning: https://www.google.co.in/maps?source=tldso, line 4112: Error: WebGL warning: texSubImage2D: Texture has not been initialized prior to a partial upload, forcing the browser to clear it. This may be slow.
JavaScript warning: https://www.google.co.in/maps?source=tldso, line 4112: Error: WebGL warning: texSubImage2D: This operation requires zeroing texture data. This is slow.
JavaScript warning: https://www.google.co.in/maps?source=tldso, line 4112: Error: WebGL warning: texSubImage2D: Texture has not been initialized prior to a partial upload, forcing the browser to clear it. This may be slow.
JavaScript warning: https://www.google.co.in/maps?source=tldso, line 4112: Error: WebGL warning: texSubImage2D: This operation requires zeroing texture data. This is slow.
JavaScript warning: https://www.google.co.in/maps?source=tldso, line 4112: Error: WebGL warning: texSubImage2D: Texture has not been initialized prior to a partial upload, forcing the browser to clear it. This may be slow.
JavaScript warning: https://www.google.co.in/maps?source=tldso, line 4112: Error: WebGL warning: texSubImage2D: This operation requires zeroing texture data. This is slow.
JavaScript warning: https://www.google.co.in/maps?source=tldso, line 4112: Error: WebGL warning: texSubImage2D: Texture has not been initialized prior to a partial upload, forcing the browser to clear it. This may be slow.
JavaScript warning: https://www.google.co.in/maps?source=tldso, line 4112: Error: WebGL warning: texSubImage2D: This operation requires zeroing texture data. This is slow.
JavaScript warning: https://www.google.co.in/maps?source=tldso, line 4112: Error: WebGL warning: texSubImage2D: Texture has not been initialized prior to a partial upload, forcing the browser to clear it. This may be slow.
JavaScript warning: https://www.google.co.in/maps?source=tldso, line 4112: Error: WebGL warning: texSubImage2D: This operation requires zeroing texture data. This is slow.
JavaScript warning: https://www.google.co.in/maps?source=tldso, line 4131: Error: WebGL warning: copyTexSubImage2D: Texture has not been initialized prior to a partial upload, forcing the browser to clear it. This may be slow.
JavaScript warning: https://www.google.co.in/maps?source=tldso, line 4131: Error: WebGL warning: copyTexSubImage2D: This operation requires zeroing texture data. This is slow.
JavaScript warning: https://www.google.co.in/maps?source=tldso, line 4112: Error: WebGL warning: texSubImage2D: Texture has not been initialized prior to a partial upload, forcing the browser to clear it. This may be slow.
JavaScript warning: https://www.google.co.in/maps?source=tldso, line 4112: Error: WebGL warning: texSubImage2D: This operation requires zeroing texture data. This is slow.
]]></system-err>
</testsuite>
